*** Using Compiler 'V6.21', folder: 'D:\Keil\ARM\ARMCLANG\Bin'
Build target '6020demo'
compiling stm32f4xx_hal_msp.c...
compiling gpio.c...
compiling stm32f4xx_hal_timebase_tim.c...
compiling main.c...
compiling can.c...
compiling usart.c...
compiling stm32f4xx_it.c...
compiling stm32f4xx_hal_rcc_ex.c...
compiling stm32f4xx_hal_rcc.c...
compiling stm32f4xx_hal_can.c...
compiling stm32f4xx_hal_tim_ex.c...
compiling stm32f4xx_hal_flash_ramfunc.c...
compiling stm32f4xx_hal_flash.c...
compiling stm32f4xx_hal_gpio.c...
compiling stm32f4xx_hal_flash_ex.c...
compiling stm32f4xx_hal_dma_ex.c...
compiling stm32f4xx_hal_pwr_ex.c...
compiling stm32f4xx_hal_pwr.c...
compiling stm32f4xx_hal_dma.c...
compiling stm32f4xx_hal_cortex.c...
compiling stm32f4xx_hal.c...
compiling stm32f4xx_hal_tim.c...
compiling stm32f4xx_hal_exti.c...
compiling bsp_can.c...
compiling system_stm32f4xx.c...
compiling croutine.c...
compiling list.c...
compiling GM6020.c...
compiling PID.c...
compiling event_groups.c...
compiling queue.c...
compiling timers.c...
compiling stream_buffer.c...
compiling port.c...
compiling heap_4.c...
compiling stm32f4xx_hal_uart.c...
compiling RobotTask.c...
compiling DM4310.c...
compiling Key.c...
compiling tasks.c...
linking...
Program Size: Code=15718 RO-data=490 RW-data=148 ZI-data=19572  
FromELF: creating hex file...
".\6020demo\6020demo.axf" - 0 Error(s), 0 Warning(s).
Build Time Elapsed:  00:00:03
